<?xml version="1.0" encoding="utf-8"?><testsuites name="pytest tests"><testsuite name="pytest" errors="0" failures="1" skipped="0" tests="13" time="5.600" timestamp="2026-07-02T01:40:43.199881+00:00" hostname="agent-env-fedb774d-2bcd-4774-a473-ca81423d6dba"><testcase classname="backend.tests.test_batch_refactor.TestSearchRelations" name="test_relation_none" time="0.193" /><testcase classname="backend.tests.test_batch_refactor.TestSearchRelations" name="test_relation_request_sent_and_received" time="0.210" /><testcase classname="backend.tests.test_batch_refactor.TestSearchRelations" name="test_relation_friends" time="0.217" /><testcase classname="backend.tests.test_batch_refactor.TestSearchRelations" name="test_relation_blocked_by_me_and_blocked_me" time="0.351" /><testcase classname="backend.tests.test_batch_refactor.TestSearchRelations" name="test_batch_relations_multi" time="0.357" /><testcase classname="backend.tests.test_batch_refactor.TestFriendsList" name="test_friends_batch_and_sort" time="0.499" /><testcase classname="backend.tests.test_batch_refactor.TestFriendsList" name="test_friends_empty" time="0.070" /><testcase classname="backend.tests.test_batch_refactor.TestFriendRequestsList" name="test_requests_batch" time="0.292" /><testcase classname="backend.tests.test_batch_refactor.TestLobbyDetailBatch" name="test_detail_with_members_and_invites" time="0.608" /><testcase classname="backend.tests.test_batch_refactor.TestLobbyDetailBatch" name="test_detail_score_and_finished_reflected" time="0.216" /><testcase classname="backend.tests.test_batch_refactor.TestLobbyInvitesList" name="test_list_shape_and_batch_counts" time="0.668"><failure message="AssertionError: Internal Server Error&#10;assert 500 == 200&#10; +  where 500 = &lt;Response [500]&gt;.status_code">backend/tests/test_batch_refactor.py:282: in test_list_shape_and_batch_counts
    assert invs.status_code == 200, invs.text
E   AssertionError: Internal Server Error
E   assert 500 == 200
E    +  where 500 = &lt;Response [500]&gt;.status_code</failure></testcase><testcase classname="backend.tests.test_batch_refactor.TestLobbyInvitesList" name="test_list_hides_non_waiting_lobbies" time="0.319" /><testcase classname="backend.tests.test_batch_refactor.TestFriendLifecycleRegression" name="test_full_lifecycle_reflection" time="1.532" /></testsuite></testsuites>