<?xml version="1.0" encoding="utf-8"?><testsuites name="pytest tests"><testsuite name="pytest" errors="0" failures="0" skipped="0" tests="20" time="25.077" timestamp="2026-07-01T18:21:26.339285+00:00" hostname="agent-env-fedb774d-2bcd-4774-a473-ca81423d6dba"><testcase classname="backend.tests.test_friends_lobby.TestFriends" name="test_search_self_excluded" time="0.250" /><testcase classname="backend.tests.test_friends_lobby.TestFriends" name="test_search_too_short_returns_empty" time="0.073" /><testcase classname="backend.tests.test_friends_lobby.TestFriends" name="test_cannot_add_self" time="0.076" /><testcase classname="backend.tests.test_friends_lobby.TestFriends" name="test_request_and_duplicate_and_accept_flow" time="0.318" /><testcase classname="backend.tests.test_friends_lobby.TestFriends" name="test_accept_only_by_receiver" time="0.384" /><testcase classname="backend.tests.test_friends_lobby.TestFriends" name="test_decline_and_remove" time="0.543" /><testcase classname="backend.tests.test_friends_lobby.TestFriends" name="test_block_prevents_request" time="0.274" /><testcase classname="backend.tests.test_friends_lobby.TestFriends" name="test_list_friends_and_requests" time="0.201" /><testcase classname="backend.tests.test_friends_lobby.TestLobby" name="test_create_lobby_waiting_with_host" time="0.079" /><testcase classname="backend.tests.test_friends_lobby.TestLobby" name="test_get_lobby_non_member_forbidden" time="0.161" /><testcase classname="backend.tests.test_friends_lobby.TestLobby" name="test_invite_link_host_only" time="0.292" /><testcase classname="backend.tests.test_friends_lobby.TestInviteAndJoin" name="test_validate_valid" time="0.155" /><testcase classname="backend.tests.test_friends_lobby.TestInviteAndJoin" name="test_validate_invalid_token" time="0.077" /><testcase classname="backend.tests.test_friends_lobby.TestInviteAndJoin" name="test_validate_expired" time="0.160" /><testcase classname="backend.tests.test_friends_lobby.TestInviteAndJoin" name="test_join_idempotent_and_full_and_started" time="11.167" /><testcase classname="backend.tests.test_friends_lobby.TestFriendLobbyInvite" name="test_invite_friend_flow" time="0.769" /><testcase classname="backend.tests.test_friends_lobby.TestFriendLobbyInvite" name="test_lobby_invites_list_accept_decline" time="0.900" /><testcase classname="backend.tests.test_friends_lobby.TestGameFlow" name="test_start_permissions_and_min_players" time="0.374" /><testcase classname="backend.tests.test_friends_lobby.TestGameFlow" name="test_start_and_game_and_score_and_completion" time="8.454" /><testcase classname="backend.tests.test_friends_lobby.TestGameFlow" name="test_leave_by_host_expires_lobby" time="0.319" /></testsuite></testsuites>