<?xml version="1.0" encoding="utf-8"?><testsuites name="pytest tests"><testsuite name="pytest" errors="0" failures="0" skipped="0" tests="15" time="2.797" timestamp="2026-07-07T19:26:45.916671+00:00" hostname="agent-env-fedb774d-2bcd-4774-a473-ca81423d6dba"><testcase classname="backend.tests.test_progression.TestProgressionEndpoint" name="test_default_progression_for_new_user" time="0.260" /><testcase classname="backend.tests.test_progression.TestQuizSubmitXP" name="test_easy_medium_hard_deepcut_xp" time="0.200" /><testcase classname="backend.tests.test_progression.TestQuizSubmitXP" name="test_aura_100_unlocks_once_at_7_streak" time="0.230" /><testcase classname="backend.tests.test_progression.TestQuizSubmitXP" name="test_streak_persistence_across_submits" time="0.393" /><testcase classname="backend.tests.test_progression.TestQuizSubmitXP" name="test_xp_events_logged" time="0.090" /><testcase classname="backend.tests.test_progression.TestLevelThresholds" name="test_l5_reward_unlocks_at_850_xp" time="0.170" /><testcase classname="backend.tests.test_progression.TestLeaderboard" name="test_all_four_boards" time="0.389" /><testcase classname="backend.tests.test_progression.TestLeaderboard" name="test_invalid_board_400" time="0.094" /><testcase classname="backend.tests.test_progression.TestLeaderboard" name="test_global_alltime_has_seed_goated_top" time="0.099" /><testcase classname="backend.tests.test_progression.TestLeaderboard" name="test_friends_board_only_shows_me_when_no_friends" time="0.102" /><testcase classname="backend.tests.test_progression.TestRegressions" name="test_auth_me" time="0.090" /><testcase classname="backend.tests.test_progression.TestRegressions" name="test_sports_list" time="0.076" /><testcase classname="backend.tests.test_progression.TestRegressions" name="test_friends_list_empty" time="0.081" /><testcase classname="backend.tests.test_progression.TestRegressions" name="test_create_lobby" time="0.175" /><testcase classname="backend.tests.test_progression.TestLobbyMatchWin" name="test_winner_gets_match_win_xp_and_counter" time="0.306" /></testsuite></testsuites>