<?xml version="1.0" encoding="utf-8"?><testsuites name="pytest tests"><testsuite name="pytest" errors="0" failures="2" skipped="0" tests="46" time="38.448" timestamp="2026-07-02T01:40:57.432935+00:00" hostname="agent-env-fedb774d-2bcd-4774-a473-ca81423d6dba"><testcase classname="backend.tests.test_backend_api.TestPublic" name="test_root" time="0.099" /><testcase classname="backend.tests.test_backend_api.TestPublic" name="test_sports_list" time="0.075" /><testcase classname="backend.tests.test_backend_api.TestAuthGate" name="test_requires_bearer[get-/api/auth/me-None]" time="0.074" /><testcase classname="backend.tests.test_backend_api.TestAuthGate" name="test_requires_bearer[post-/api/quiz/generate-body1]" time="0.075" /><testcase classname="backend.tests.test_backend_api.TestAuthGate" name="test_requires_bearer[post-/api/quiz/submit-body2]" time="0.078" /><testcase classname="backend.tests.test_backend_api.TestAuthGate" name="test_requires_bearer[get-/api/leaderboard-None]" time="0.073" /><testcase classname="backend.tests.test_backend_api.TestAuthGate" name="test_invalid_bearer" time="0.072" /><testcase classname="backend.tests.test_backend_api.TestAuthMe" name="test_me_returns_user" time="0.078" /><testcase classname="backend.tests.test_backend_api.TestQuizGenerate" name="test_invalid_sport" time="0.074" /><testcase classname="backend.tests.test_backend_api.TestQuizGenerate" name="test_invalid_difficulty" time="0.075" /><testcase classname="backend.tests.test_backend_api.TestQuizGenerate" name="test_generates_questions" time="4.553" /><testcase classname="backend.tests.test_backend_api.TestQuizSubmit" name="test_submit_updates_and_returns_rank" time="0.227" /><testcase classname="backend.tests.test_backend_api.TestLeaderboard" name="test_leaderboard_shape" time="0.078" /><testcase classname="backend.tests.test_batch_refactor.TestSearchRelations" name="test_relation_none" time="0.080" /><testcase classname="backend.tests.test_batch_refactor.TestSearchRelations" name="test_relation_request_sent_and_received" time="0.304" /><testcase classname="backend.tests.test_batch_refactor.TestSearchRelations" name="test_relation_friends" time="0.227" /><testcase classname="backend.tests.test_batch_refactor.TestSearchRelations" name="test_relation_blocked_by_me_and_blocked_me" time="0.368" /><testcase classname="backend.tests.test_batch_refactor.TestSearchRelations" name="test_batch_relations_multi" time="0.383" /><testcase classname="backend.tests.test_batch_refactor.TestFriendsList" name="test_friends_batch_and_sort" time="0.537" /><testcase classname="backend.tests.test_batch_refactor.TestFriendsList" name="test_friends_empty" time="0.076" /><testcase classname="backend.tests.test_batch_refactor.TestFriendRequestsList" name="test_requests_batch" time="0.276" /><testcase classname="backend.tests.test_batch_refactor.TestLobbyDetailBatch" name="test_detail_with_members_and_invites" time="0.578" /><testcase classname="backend.tests.test_batch_refactor.TestLobbyDetailBatch" name="test_detail_score_and_finished_reflected" time="0.228" /><testcase classname="backend.tests.test_batch_refactor.TestLobbyInvitesList" name="test_list_shape_and_batch_counts" time="0.717"><failure message="AssertionError: Internal Server Error&#10;assert 500 == 200&#10; +  where 500 = &lt;Response [500]&gt;.status_code">backend/tests/test_batch_refactor.py:282: in test_list_shape_and_batch_counts
    assert invs.status_code == 200, invs.text
E   AssertionError: Internal Server Error
E   assert 500 == 200
E    +  where 500 = &lt;Response [500]&gt;.status_code</failure></testcase><testcase classname="backend.tests.test_batch_refactor.TestLobbyInvitesList" name="test_list_hides_non_waiting_lobbies" time="0.340" /><testcase classname="backend.tests.test_batch_refactor.TestFriendLifecycleRegression" name="test_full_lifecycle_reflection" time="1.648" /><testcase classname="backend.tests.test_friends_lobby.TestFriends" name="test_search_self_excluded" time="0.073" /><testcase classname="backend.tests.test_friends_lobby.TestFriends" name="test_search_too_short_returns_empty" time="0.077" /><testcase classname="backend.tests.test_friends_lobby.TestFriends" name="test_cannot_add_self" time="0.073" /><testcase classname="backend.tests.test_friends_lobby.TestFriends" name="test_request_and_duplicate_and_accept_flow" time="0.298" /><testcase classname="backend.tests.test_friends_lobby.TestFriends" name="test_accept_only_by_receiver" time="0.373" /><testcase classname="backend.tests.test_friends_lobby.TestFriends" name="test_decline_and_remove" time="0.526" /><testcase classname="backend.tests.test_friends_lobby.TestFriends" name="test_block_prevents_request" time="0.301" /><testcase classname="backend.tests.test_friends_lobby.TestFriends" name="test_list_friends_and_requests" time="0.226" /><testcase classname="backend.tests.test_friends_lobby.TestLobby" name="test_create_lobby_waiting_with_host" time="0.075" /><testcase classname="backend.tests.test_friends_lobby.TestLobby" name="test_get_lobby_non_member_forbidden" time="0.154" /><testcase classname="backend.tests.test_friends_lobby.TestLobby" name="test_invite_link_host_only" time="0.276" /><testcase classname="backend.tests.test_friends_lobby.TestInviteAndJoin" name="test_validate_valid" time="0.151" /><testcase classname="backend.tests.test_friends_lobby.TestInviteAndJoin" name="test_validate_invalid_token" time="0.074" /><testcase classname="backend.tests.test_friends_lobby.TestInviteAndJoin" name="test_validate_expired" time="0.155" /><testcase classname="backend.tests.test_friends_lobby.TestInviteAndJoin" name="test_join_idempotent_and_full_and_started" time="10.687" /><testcase classname="backend.tests.test_friends_lobby.TestFriendLobbyInvite" name="test_invite_friend_flow" time="0.746" /><testcase classname="backend.tests.test_friends_lobby.TestFriendLobbyInvite" name="test_lobby_invites_list_accept_decline" time="0.565"><failure message="requests.exceptions.JSONDecodeError: Expecting value: line 1 column 1 (char 0)">/root/.venv/lib/python3.11/site-packages/requests/models.py:1116: in json
    return complexjson.loads(self.text, **kwargs)
           ^^^^^^^^^^^^^^^^^^^^^^^^^^^^^^^^^^^^^^
/usr/local/lib/python3.11/json/__init__.py:346: in loads
    return _default_decoder.decode(s)
           ^^^^^^^^^^^^^^^^^^^^^^^^^^
/usr/local/lib/python3.11/json/decoder.py:337: in decode
    obj, end = self.raw_decode(s, idx=_w(s, 0).end())
               ^^^^^^^^^^^^^^^^^^^^^^^^^^^^^^^^^^^^^^
/usr/local/lib/python3.11/json/decoder.py:355: in raw_decode
    raise JSONDecodeError("Expecting value", s, err.value) from None
E   json.decoder.JSONDecodeError: Expecting value: line 1 column 1 (char 0)

During handling of the above exception, another exception occurred:
backend/tests/test_friends_lobby.py:314: in test_lobby_invites_list_accept_decline
    invs = api_client.get(f"{API}/lobby-invites", headers=_h(u1["token"])).json()
           ^^^^^^^^^^^^^^^^^^^^^^^^^^^^^^^^^^^^^^^^^^^^^^^^^^^^^^^^^^^^^^^^^^^^^^
/root/.venv/lib/python3.11/site-packages/requests/models.py:1120: in json
    raise RequestsJSONDecodeError(e.msg, e.doc, e.pos)
E   requests.exceptions.JSONDecodeError: Expecting value: line 1 column 1 (char 0)</failure></testcase><testcase classname="backend.tests.test_friends_lobby.TestGameFlow" name="test_start_permissions_and_min_players" time="0.334" /><testcase classname="backend.tests.test_friends_lobby.TestGameFlow" name="test_start_and_game_and_score_and_completion" time="11.444" /><testcase classname="backend.tests.test_friends_lobby.TestGameFlow" name="test_leave_by_host_expires_lobby" time="0.306" /></testsuite></testsuites>