<?xml version="1.0" encoding="utf-8"?><testsuites name="pytest tests"><testsuite name="pytest" errors="0" failures="0" skipped="0" tests="33" time="24.149" timestamp="2026-07-01T18:21:59.323101+00:00" hostname="agent-env-fedb774d-2bcd-4774-a473-ca81423d6dba"><testcase classname="backend.tests.test_backend_api.TestPublic" name="test_root" time="0.162" /><testcase classname="backend.tests.test_backend_api.TestPublic" name="test_sports_list" time="0.045" /><testcase classname="backend.tests.test_backend_api.TestAuthGate" name="test_requires_bearer[get-/api/auth/me-None]" time="0.041" /><testcase classname="backend.tests.test_backend_api.TestAuthGate" name="test_requires_bearer[post-/api/quiz/generate-body1]" time="0.051" /><testcase classname="backend.tests.test_backend_api.TestAuthGate" name="test_requires_bearer[post-/api/quiz/submit-body2]" time="0.069" /><testcase classname="backend.tests.test_backend_api.TestAuthGate" name="test_requires_bearer[get-/api/leaderboard-None]" time="0.050" /><testcase classname="backend.tests.test_backend_api.TestAuthGate" name="test_invalid_bearer" time="0.082" /><testcase classname="backend.tests.test_backend_api.TestAuthMe" name="test_me_returns_user" time="0.046" /><testcase classname="backend.tests.test_backend_api.TestQuizGenerate" name="test_invalid_sport" time="0.039" /><testcase classname="backend.tests.test_backend_api.TestQuizGenerate" name="test_invalid_difficulty" time="0.078" /><testcase classname="backend.tests.test_backend_api.TestQuizGenerate" name="test_generates_questions" time="4.337" /><testcase classname="backend.tests.test_backend_api.TestQuizSubmit" name="test_submit_updates_and_returns_rank" time="0.174" /><testcase classname="backend.tests.test_backend_api.TestLeaderboard" name="test_leaderboard_shape" time="0.040" /><testcase classname="backend.tests.test_friends_lobby.TestFriends" name="test_search_self_excluded" time="0.086" /><testcase classname="backend.tests.test_friends_lobby.TestFriends" name="test_search_too_short_returns_empty" time="0.043" /><testcase classname="backend.tests.test_friends_lobby.TestFriends" name="test_cannot_add_self" time="0.043" /><testcase classname="backend.tests.test_friends_lobby.TestFriends" name="test_request_and_duplicate_and_accept_flow" time="0.319" /><testcase classname="backend.tests.test_friends_lobby.TestFriends" name="test_accept_only_by_receiver" time="0.366" /><testcase classname="backend.tests.test_friends_lobby.TestFriends" name="test_decline_and_remove" time="0.517" /><testcase classname="backend.tests.test_friends_lobby.TestFriends" name="test_block_prevents_request" time="0.322" /><testcase classname="backend.tests.test_friends_lobby.TestFriends" name="test_list_friends_and_requests" time="0.241" /><testcase classname="backend.tests.test_friends_lobby.TestLobby" name="test_create_lobby_waiting_with_host" time="0.061" /><testcase classname="backend.tests.test_friends_lobby.TestLobby" name="test_get_lobby_non_member_forbidden" time="0.125" /><testcase classname="backend.tests.test_friends_lobby.TestLobby" name="test_invite_link_host_only" time="0.204" /><testcase classname="backend.tests.test_friends_lobby.TestInviteAndJoin" name="test_validate_valid" time="0.133" /><testcase classname="backend.tests.test_friends_lobby.TestInviteAndJoin" name="test_validate_invalid_token" time="0.054" /><testcase classname="backend.tests.test_friends_lobby.TestInviteAndJoin" name="test_validate_expired" time="0.102" /><testcase classname="backend.tests.test_friends_lobby.TestInviteAndJoin" name="test_join_idempotent_and_full_and_started" time="7.198" /><testcase classname="backend.tests.test_friends_lobby.TestFriendLobbyInvite" name="test_invite_friend_flow" time="0.761" /><testcase classname="backend.tests.test_friends_lobby.TestFriendLobbyInvite" name="test_lobby_invites_list_accept_decline" time="0.821" /><testcase classname="backend.tests.test_friends_lobby.TestGameFlow" name="test_start_permissions_and_min_players" time="0.376" /><testcase classname="backend.tests.test_friends_lobby.TestGameFlow" name="test_start_and_game_and_score_and_completion" time="6.801" /><testcase classname="backend.tests.test_friends_lobby.TestGameFlow" name="test_leave_by_host_expires_lobby" time="0.329" /></testsuite></testsuites>